<?xml version="1.0" encoding="UTF-8"?>
<!-- Generated by org.testng.reporters.JUnitReportReporter -->
<testsuite skipped="0" hostname="DESKTOP-VIH11FL" name="com.platinum.SeleniumTest.AppTest" tests="1" failures="0" timestamp="2020-08-16T17:57:53 CLST" time="0.050" errors="0">
  <testcase name="shouldAnswerWithTrue" time="0.050" classname="com.platinum.SeleniumTest.AppTest"/>
  <system-out/>
</testsuite> <!-- com.platinum.SeleniumTest.AppTest -->
